2025-07-23 18:45:01,474  INFO  Reading /Users/samuelwaugh/Desktop/ArtContext/Pipeline/JSON-Metadata/titian.json
2025-07-23 18:45:01,482  INFO  ▶  https://openalex.org/W1549104703  –  Titian remade: repetition and the transformation of early modern Italian art
2025-07-23 18:45:07,620  INFO  ▶  https://openalex.org/W1508264266  –  Artists and the Market: From Leonardo and Titian to Andy Warhol and Damien Hirst
2025-07-23 18:45:09,642  INFO  ▶  https://openalex.org/W2948501438  –  The “Eternal Mystery of the Picture Plane”: Leo Steinberg’s Unfinished Study on 
2025-07-23 18:45:12,512  INFO  ▶  https://openalex.org/W642712909  –  The self-portrait: a cultural history
2025-07-23 18:45:13,788  ERROR  ✗  Download failed for https://openalex.org/W642712909
2025-07-23 18:45:13,788  INFO  ▶  https://openalex.org/W1998606858  –  Myths of Venice: The Figuration of a State
2025-07-23 18:45:14,877  INFO  ▶  https://openalex.org/W2790990114  –  Computational color analysis of paintings for different artists of the XVI and X
2025-07-23 18:45:15,942  INFO  ▶  https://openalex.org/W2145110027  –  Folengo and Romanino: The Questione della Lingua and Its Eccentric Trends
2025-07-23 18:45:18,924  INFO  ▶  https://openalex.org/W2419786670  –  Titian’s<i>Christ with the Coin</i>: Recovering the Spiritual Currency of Numism
2025-07-23 18:45:20,329  INFO  ▶  https://openalex.org/W1606132369  –  Young Geniuses and Old Masters: The Life Cycles of Great Artists from Masaccio t
2025-07-23 18:45:21,953  INFO  ▶  https://openalex.org/W2752001332  –  Titian, the Pesaro, and the Frari: different strokes for different folks
2025-07-23 18:45:23,457  INFO  ▶  https://openalex.org/W2801136001  –  Sacred and Profane Love in the Early Work of Titian
2025-07-23 18:45:24,369  INFO  ▶  https://openalex.org/W4400854208  –  ‘Is that not Titian?’ Echoes of Venice in George Frederic Watts’s Self-Portraits
2025-07-23 18:45:24,791  INFO  ▶  https://openalex.org/W2094874317  –  Bronwen Wilson. Review of "Titian and the Altarpiece in Renaissance Venice" by P
2025-07-23 18:45:25,785  INFO  ▶  https://openalex.org/W2011466274  –  Michaël Amy. Review of "Renaissance Rivals: Michelangelo, Leonardo, Raphael, Tit
2025-07-23 18:45:26,216  INFO  ▶  https://openalex.org/W2089552578  –  Jodi Cranston. Review of "Titian, Tintoretto, Veronese: Rivals in Renaissance Ve
2025-07-23 18:45:26,544  INFO  ▶  https://openalex.org/W3174205684  –  Charles Hope, Titian. New York, Harper and Row; Toronto, Fitzhenry &amp; Whitesi
2025-07-23 18:45:28,732  INFO  ▶  https://openalex.org/W2322158789  –  Anne Leader. Review of "Titian and the Golden Age of Venetian Painting" by Edgar
2025-07-23 18:45:29,231  INFO  ▶  https://openalex.org/W2319030115  –  Fern Luskin. Review of "Titian, Colonna and the Renaissance Science of Procreati
2025-07-23 18:45:29,790  INFO  ▶  https://openalex.org/W2903654250  –  The Aristotelic phantasmata &amp; the simulacra theory of Lucretius in a paintin
2025-07-23 18:45:30,515  INFO  ▶  https://openalex.org/W2763826432  –  A Knowing Likeness: Artists and Letterati at the Farnese Court in mid Sixteenth-
2025-07-23 18:45:30,920  INFO  ▶  https://openalex.org/W2320416700  –  Una D'Elia. Review of "The Sacred Image in the Age of Art: Titian, Tintoretto, B
2025-07-23 18:45:31,556  INFO  ▶  https://openalex.org/W2041192438  –  Paul H. D. Kaplan. Review of "Bellini, Giorgione, Titian and the Renaissance of 
2025-07-23 18:45:32,094  INFO  ▶  https://openalex.org/W1995509285  –  Rembrandt's Textural Agency: A Shared Perspective in Visual Art and Science
2025-07-23 18:45:38,454  INFO  ▶  https://openalex.org/W3094367671  –  The Routledge Companion to Digital Humanities and Art History
2025-07-23 18:45:39,043  INFO  ▶  https://openalex.org/W2765170753  –  On Art, Wealth, and Power: The Venetian Republic
2025-07-23 18:45:39,598  ERROR  ✗  Download failed for https://openalex.org/W2765170753
2025-07-23 18:45:39,598  INFO  ▶  https://openalex.org/W1563644238  –  Renaissance Theories of Vision
2025-07-23 18:45:44,478  INFO  ▶  https://openalex.org/W2100219886  –  Symmetry and asymmetry in aesthetics and the arts
2025-07-23 18:45:48,290  INFO  ▶  https://openalex.org/W2053672113  –  Is Twofoldness Necessary for Representational Seeing?
2025-07-23 18:45:48,936  INFO  ▶  https://openalex.org/W2971101288  –  Artificial intelligence for art investigation: Meeting the challenge of separati
2025-07-23 18:45:49,748  ERROR  ✗  Download failed for https://openalex.org/W2971101288
2025-07-23 18:45:49,748  INFO  ▶  https://openalex.org/W2737904395  –  A Neuroelectrical Brain Imaging Study on the Perception of Figurative Paintings 
2025-07-23 18:45:51,082  INFO  ▶  https://openalex.org/W2899750287  –  The Rival Maids: Anne Killigrew, Anne Kingsmill and the making of the court masq
2025-07-23 18:45:51,610  INFO  ▶  https://openalex.org/W2478050930  –  The Sublime and the “Beholder’s Share”: Junius, Rubens, Rembrandt
2025-07-23 18:45:52,948  INFO  ▶  https://openalex.org/W2909650930  –  Shakespeare, Caravaggio, and the Indistinct Regard
2025-07-23 18:45:54,399  INFO  ▶  https://openalex.org/W4239061550  –  The Italian Painters of the Renaissance
2025-07-23 18:45:57,068  INFO  ▶  https://openalex.org/W2171531260  –  Analysis of the Distributions of Color Characteristics in Art Painting Images
2025-07-23 18:45:58,848  INFO  ▶  https://openalex.org/W4247978317  –  FIGURE: EKPHRASIS
2025-07-23 18:45:59,409  INFO  ▶  https://openalex.org/W2128783858  –  Trompe l’oeil and the Dorsal/Ventral Account of Picture Perception
2025-07-23 18:45:59,918  INFO  ▶  https://openalex.org/W4300046506  –  Becoming Venetian: Immigrants and the Arts in Early Modern Venice
2025-07-23 18:46:00,943  INFO  ▶  https://openalex.org/W2498710708  –  Art, Life, Charm and Titian’s Portrait of Clarissa Strozzi
2025-07-23 18:46:01,954  INFO  ▶  https://openalex.org/W2153207513  –  The Studiolo of Urbino: An Iconographic Investigation
2025-07-23 18:46:02,903  INFO  ▶  https://openalex.org/W2948172900  –  Women in the Galleries: New Angles on Old Masters in the Late Nineteenth Century
2025-07-23 18:46:04,368  INFO  ▶  https://openalex.org/W4387538080  –  In Defence of the Acquaintance Principle in Aesthetics
2025-07-23 18:46:04,897  INFO  ▶  https://openalex.org/W1507990048  –  Artworks as dichotomous objects: implications for the scientific study of aesthe
2025-07-23 18:46:06,202  INFO  ▶  https://openalex.org/W1774769622  –  Art: What it Is and Why it Matters
2025-07-23 18:46:06,705  INFO  ▶  https://openalex.org/W2286010873  –  The Life Cycles of Modern Artists
2025-07-23 18:46:08,098  INFO  ▶  https://openalex.org/W4200101631  –  Tiziano e la duplice metamorfosi di Callisto Il <i>punctum</i> attorno a cui ruo
2025-07-23 18:46:13,035  INFO  ▶  https://openalex.org/W4393375029  –  Why did Rubens add a parrot to Titian's <i>The Fall of Man</i>? A pictorial mani
2025-07-23 18:46:13,803  ERROR  ✗  Download failed for https://openalex.org/W4393375029
2025-07-23 18:46:13,803  INFO  ▶  https://openalex.org/W3119176729  –  Designing Goddesses: Shakespeare’s "Othello" and Marian Nowiński’s "Otello Desde
2025-07-23 18:46:18,123  INFO  ▶  https://openalex.org/W2166818537  –  <i>I</i>—<i>Richard Wollheim</i>
2025-07-23 18:46:18,433  ERROR  ✗  Download failed for https://openalex.org/W2166818537
2025-07-23 18:46:18,434  INFO  ▶  https://openalex.org/W2139888340  –  The Metaphysics of Art Restoration
2025-07-23 18:46:18,693  ERROR  ✗  Download failed for https://openalex.org/W2139888340
2025-07-23 18:46:18,693  INFO  ▶  https://openalex.org/W2788931637  –  Exhibition: Charles I — King and Collector
2025-07-23 18:46:20,291  INFO  ▶  https://openalex.org/W2167489831  –  Abstraction and art
2025-07-23 18:46:21,144  INFO  ▶  https://openalex.org/W2039752590  –  BETWEEN DISTANCE AND SYMPATHY: DR JOHN MOORE'S PHILOSOPHICAL TRAVEL WRITING
2025-07-23 18:46:23,705  INFO  ▶  https://openalex.org/W1990265355  –  Movement before Cinematography: The High-Speed Qualities of Sentiment
2025-07-23 18:46:25,782  INFO  ▶  https://openalex.org/W3123617180  –  The Market for Paintings in the Venetian Republic From Renaissance to Rococò
2025-07-23 18:46:26,658  INFO  ▶  https://openalex.org/W2052753360  –  Foreign rule? Transnational, national, and local perspectives on Venice and Vene
2025-07-23 18:46:27,148  INFO  ▶  https://openalex.org/W2292026728  –  Art: <i>Goya, The Portraits</i>
2025-07-23 18:46:29,637  INFO  ▶  https://openalex.org/W614837238  –  Desiring Bodies: Ovidian Romance and the Cult of Form
2025-07-23 18:46:30,515  INFO  ▶  https://openalex.org/W2799730582  –  Art and landscape history: British artists in nineteenth-century Val d’Aosta (no
2025-07-23 18:46:30,896  INFO  ▶  https://openalex.org/W4311804697  –  Why did Rubens add a parrot to Titian’s “Fall of Man”? An eye tracking investiga
2025-07-23 18:46:31,232  ERROR  ✗  Download failed for https://openalex.org/W4311804697
2025-07-23 18:46:31,233  INFO  ▶  https://openalex.org/W2202744946  –  Looking in the Mirror of Renaissance Art
2025-07-23 18:46:31,941  ERROR  ✗  Download failed for https://openalex.org/W2202744946
2025-07-23 18:46:31,941  INFO  ▶  https://openalex.org/W2974064625  –  Venetian Art in the Drawings of Crowe and Cavalcaselle Preserved at the National
2025-07-23 18:46:32,963  INFO  ▶  https://openalex.org/W2965967684  –  GIULIA BIGOLINA’S URANIA, THE STORY OF A YOUNG WOMAN’S LOVE WITHIN THE FRAMEWORK
2025-07-23 18:46:34,285  INFO  ▶  https://openalex.org/W4409759463  –  Three men and an abbey: the Cornaro triple portrait<sup>☆</sup>
2025-07-23 18:46:34,554  ERROR  ✗  Download failed for https://openalex.org/W4409759463
2025-07-23 18:46:34,554  INFO  ▶  https://openalex.org/W4380077228  –  Cristofano Allori dans son dessin : le sujet dans le procédé d’étude
2025-07-23 18:46:36,120  INFO  ▶  https://openalex.org/W2964924479  –  Domestic Portraiture in Early Modern Venice: Devotion to Family and Faith
2025-07-23 18:46:37,196  INFO  ▶  https://openalex.org/W2010764843  –  The Conceptual Dimension in Art and the Modern Theory of Artistic Value
2025-07-23 18:46:37,778  ERROR  ✗  Download failed for https://openalex.org/W2010764843
2025-07-23 18:46:37,779  INFO  ▶  https://openalex.org/W2184865673  –  THE TRACE AND THE GAZE: TEXTURAL AGENCY IN REMBRANDT’S LATE PORTRAITURE FROM A V
2025-07-23 18:46:38,832  INFO  ▶  https://openalex.org/W2021094421  –  Family Galleries: Women and Art in the Seventeenth and Eighteenth Centuries
2025-07-23 18:46:39,221  INFO  ▶  https://openalex.org/W4297035528  –  Plural Imagination: Diversity in Mind and Making
2025-07-23 18:46:39,596  INFO  ▶  https://openalex.org/W2889878370  –  Why Was the Color Violet Rarely Used by Artists before the 1860s?
2025-07-23 18:46:40,614  INFO  ▶  https://openalex.org/W3116329760  –  L’esperienza formativa di Anton Domenico Gabbiani a Venezia. Disegni e dipinti i
2025-07-23 18:46:40,816  WARNING  Retrying (Retry(total=4, connect=None, read=None, redirect=None, status=None)) after connection broken by 'SSLError(SSLCertVerificationError(1, '[SSL: CERTIFICATE_VERIFY_FAILED] certificate verify failed: unable to get local issuer certificate (_ssl.c:1016)'))': /redir.ashx?RetUrl=15261.pdf
2025-07-23 18:46:41,905  WARNING  Retrying (Retry(total=3, connect=None, read=None, redirect=None, status=None)) after connection broken by 'SSLError(SSLCertVerificationError(1, '[SSL: CERTIFICATE_VERIFY_FAILED] certificate verify failed: unable to get local issuer certificate (_ssl.c:1016)'))': /redir.ashx?RetUrl=15261.pdf
2025-07-23 18:46:43,990  WARNING  Retrying (Retry(total=2, connect=None, read=None, redirect=None, status=None)) after connection broken by 'SSLError(SSLCertVerificationError(1, '[SSL: CERTIFICATE_VERIFY_FAILED] certificate verify failed: unable to get local issuer certificate (_ssl.c:1016)'))': /redir.ashx?RetUrl=15261.pdf
2025-07-23 18:46:48,075  WARNING  Retrying (Retry(total=1, connect=None, read=None, redirect=None, status=None)) after connection broken by 'SSLError(SSLCertVerificationError(1, '[SSL: CERTIFICATE_VERIFY_FAILED] certificate verify failed: unable to get local issuer certificate (_ssl.c:1016)'))': /redir.ashx?RetUrl=15261.pdf
2025-07-23 18:46:56,160  WARNING  Retrying (Retry(total=0, connect=None, read=None, redirect=None, status=None)) after connection broken by 'SSLError(SSLCertVerificationError(1, '[SSL: CERTIFICATE_VERIFY_FAILED] certificate verify failed: unable to get local issuer certificate (_ssl.c:1016)'))': /redir.ashx?RetUrl=15261.pdf
2025-07-23 18:46:56,532  WARNING  Retrying (Retry(total=4, connect=None, read=None, redirect=None, status=None)) after connection broken by 'SSLError(SSLCertVerificationError(1, '[SSL: CERTIFICATE_VERIFY_FAILED] certificate verify failed: unable to get local issuer certificate (_ssl.c:1016)'))': /doi/capitoli/978-88-5518-181-5_8
2025-07-23 18:46:57,913  WARNING  Retrying (Retry(total=3, connect=None, read=None, redirect=None, status=None)) after connection broken by 'SSLError(SSLCertVerificationError(1, '[SSL: CERTIFICATE_VERIFY_FAILED] certificate verify failed: unable to get local issuer certificate (_ssl.c:1016)'))': /doi/capitoli/978-88-5518-181-5_8
2025-07-23 18:46:59,990  WARNING  Retrying (Retry(total=2, connect=None, read=None, redirect=None, status=None)) after connection broken by 'SSLError(SSLCertVerificationError(1, '[SSL: CERTIFICATE_VERIFY_FAILED] certificate verify failed: unable to get local issuer certificate (_ssl.c:1016)'))': /doi/capitoli/978-88-5518-181-5_8
2025-07-23 18:47:04,066  WARNING  Retrying (Retry(total=1, connect=None, read=None, redirect=None, status=None)) after connection broken by 'SSLError(SSLCertVerificationError(1, '[SSL: CERTIFICATE_VERIFY_FAILED] certificate verify failed: unable to get local issuer certificate (_ssl.c:1016)'))': /doi/capitoli/978-88-5518-181-5_8
2025-07-23 18:47:12,151  WARNING  Retrying (Retry(total=0, connect=None, read=None, redirect=None, status=None)) after connection broken by 'SSLError(SSLCertVerificationError(1, '[SSL: CERTIFICATE_VERIFY_FAILED] certificate verify failed: unable to get local issuer certificate (_ssl.c:1016)'))': /doi/capitoli/978-88-5518-181-5_8
2025-07-23 18:47:12,229  ERROR  ✗  Download failed for https://openalex.org/W3116329760
2025-07-23 18:47:12,229  INFO  ▶  https://openalex.org/W4284887545  –  The time-course of fixations in representational paintings: A cross-cultural stu
2025-07-23 18:47:12,871  INFO  ▶  https://openalex.org/W3106799171  –  Only a Promise of Happiness: The Place of Beauty in a World of Art
2025-07-23 18:47:13,546  INFO  ▶  https://openalex.org/W1864729153  –  The Life Cycles of Modern Artists: Theory, Measurement, and Implications
2025-07-23 18:47:14,902  INFO  ▶  https://openalex.org/W2093595445  –  Understanding what is visible in a mirror or through a window before and after u
2025-07-23 18:47:16,149  INFO  ▶  https://openalex.org/W2999738286  –  THE PRESENCE OF THE IMPERIAL PAST: VAN DYCK’S EQUESTRIAN PORTRAIT OF CHARLES V O
2025-07-23 18:47:16,963  INFO  ▶  https://openalex.org/W2949174394  –  Intermediaries and the Market: Hans Rottenhammer’s Use of Networks in the Copper
2025-07-23 18:47:17,385  ERROR  ✗  Download failed for https://openalex.org/W2949174394
2025-07-23 18:47:17,385  INFO  ▶  https://openalex.org/W4320481818  –  Introduction
2025-07-23 18:47:17,948  INFO  ▶  https://openalex.org/W2120378345  –  Towards a poetics of the cinematographic frame
2025-07-23 18:47:18,317  ERROR  ✗  Download failed for https://openalex.org/W2120378345
2025-07-23 18:47:18,317  INFO  ▶  https://openalex.org/W2887096541  –  Jacopo Bassano, Regionalism, and Rural Painting
2025-07-23 18:47:18,688  INFO  ▶  https://openalex.org/W4388861956  –  Ontology of the Art Phenomenon in Iris Murdoch’s Fiction
2025-07-23 18:47:20,035  INFO  ▶  https://openalex.org/W2105605858  –  ‘And Wot does the Catlog tell me?' Some Social Meanings of Nineteenth-Century Ca
2025-07-23 18:47:20,278  INFO  ▶  https://openalex.org/W3127499951  –  Automatic analysis of artistic paintings using information-based measures
2025-07-23 18:47:24,236  INFO  ▶  https://openalex.org/W2323737106  –  Italian Paintings in Amsterdam Around 1635: Additions to the Familiar
2025-07-23 18:47:25,423  INFO  ▶  https://openalex.org/W2313754262  –  ‘Feelings of Vivid Fellowship’: Vernon Lee and Clementina Anstruther-Thomson’s Q
2025-07-23 18:47:25,735  ERROR  ✗  Download failed for https://openalex.org/W2313754262
2025-07-23 18:47:25,736  INFO  ▶  https://openalex.org/W3129056504  –  Testing a calibration-free eye tracker prototype at the Kunsthistorisches Museum
2025-07-23 18:47:28,308  INFO  ▶  https://openalex.org/W2953990215  –  Albrecht Dürer’s Large Passion: Art, History, and Theology
2025-07-23 18:47:30,032  INFO  ▶  https://openalex.org/W2115354010  –  The gender of colors in Dutch art theory
2025-07-23 18:47:30,782  INFO  ▶  https://openalex.org/W1969306914  –  “Reckless Inaccuracies Abounding”: André Malraux and the Birth of a Myth
2025-07-23 18:47:31,218  ERROR  ✗  Download failed for https://openalex.org/W1969306914
2025-07-23 18:47:31,219  INFO  ▶  https://openalex.org/W3136853982  –  (Inter)national Art: The London Old Masters Market and Modern British Painting (
2025-07-23 18:47:32,531  INFO  ▶  https://openalex.org/W3043227043  –  A GABA Interneuron Deficit Model of the Art of Vincent van Gogh
2025-07-23 18:47:33,706  INFO  ▶  https://openalex.org/W2064788512  –  Realising Giorgione: aestheticism, the market and Renaissance values in Bernard 
2025-07-23 18:47:34,003  ERROR  ✗  Download failed for https://openalex.org/W2064788512
2025-07-23 18:47:34,004  INFO  ▶  https://openalex.org/W2790241804  –  Virtuality and Depiction in Video Game Representation
2025-07-23 18:47:35,050  INFO  ▶  https://openalex.org/W4233985865  –  Appendix 4: The Pictorial Representation of Pleasure in Western Art
2025-07-23 18:47:35,374  ERROR  ✗  Download failed for https://openalex.org/W4233985865
2025-07-23 18:47:35,374  INFO  ▶  https://openalex.org/W3154869168  –  The Figural Sources of Delacroix’s ‘Jacob Wrestling with the Angel’
2025-07-23 18:47:36,692  INFO  ▶  https://openalex.org/W1625953933  –  On the Beautiful and the Ugly
2025-07-23 18:47:39,035  INFO  ▶  https://openalex.org/W3130318588  –  NeuroDante: Poetry Mentally Engages More Experts but Moves More Non-Experts, and
2025-07-23 18:47:40,815  INFO  ▶  https://openalex.org/W2480551819  –  Authenticity and Fiction: On the Pictorial Construction of Inner Presence in Ear
2025-07-23 18:47:46,908  INFO  ▶  https://openalex.org/W1770210794  –  An Early Framework for Determining Artistic Influence
2025-07-23 18:47:48,046  INFO  ▶  https://openalex.org/W2566827755  –  Bernard Lens’s Miniatures for the Duke and Duchess of Marlborough
2025-07-23 18:47:49,201  INFO  ▶  https://openalex.org/W4251130498  –  Bernard Lens’s Miniatures for the Duke and Duchess of Marlborough
2025-07-23 18:47:49,561  INFO  ▶  https://openalex.org/W2947253659  –  What Is a Parergon?
2025-07-23 18:47:49,922  ERROR  ✗  Download failed for https://openalex.org/W2947253659
2025-07-23 18:47:49,922  INFO  ▶  https://openalex.org/W2678154589  –  Creating Distinctions in Dutch Genre Painting
2025-07-23 18:47:51,653  INFO  ▶  https://openalex.org/W2607367700  –  Punishment in the frame: Rethinking the history and sociology of art
2025-07-23 18:47:51,930  INFO  ▶  https://openalex.org/W3018709914  –  ‘Colouring’ — Material Depiction in Flemish and Dutch Baroque Art Theory
2025-07-23 18:47:53,181  INFO  ▶  https://openalex.org/W4318063731  –  Painters on the Move in Seventeenth-Century Europe
2025-07-23 18:47:53,808  INFO  ▶  https://openalex.org/W1969101046  –  The Role of Imagining in Seeing-In
2025-07-23 18:47:54,159  ERROR  ✗  Download failed for https://openalex.org/W1969101046
2025-07-23 18:47:54,159  INFO  ▶  https://openalex.org/W2809219301  –  Dominicus Who? Solving the Riddle Posed by a Splendid “Venetian” Portrait Dated 
2025-07-23 18:47:54,669  INFO  ▶  https://openalex.org/W4200604029  –  Visual art as a form of individualization of collective experience: Renaissance 
2025-07-23 18:47:56,925  INFO  ▶  https://openalex.org/W885806271  –  Re-evaluating the roles of the cleaning process in the conservation of paintings
2025-07-23 18:47:58,128  INFO  ▶  https://openalex.org/W2003724127  –  Picturing knowledge: historical and philosophical problems concerning the use of
2025-07-23 18:48:08,158  INFO  ▶  https://openalex.org/W2134373758  –  The Carte de Visite in the 1860s and the Serial Dynamic of Photographic Likeness
2025-07-23 18:48:08,572  ERROR  ✗  Download failed for https://openalex.org/W2134373758
2025-07-23 18:48:08,572  INFO  ▶  https://openalex.org/W4382197346  –  The art collections and museum of King William II of the Netherlands (1792–1849)
2025-07-23 18:48:09,014  ERROR  ✗  Download failed for https://openalex.org/W4382197346
2025-07-23 18:48:09,015  INFO  ▶  https://openalex.org/W4393303675  –  Influential women and dress in Renaissance Italy: Power and identity in portrait
2025-07-23 18:48:13,879  INFO  ▶  https://openalex.org/W1851212327  –  The Difficulty of Historical Work in the Nineteenth-Century Museum and the Thack
2025-07-23 18:48:15,523  INFO  ▶  https://openalex.org/W1516008251  –  L’exil des peintres écossais en Italie au dix-huitième siècle
2025-07-23 18:48:16,203  INFO  ▶  https://openalex.org/W2562857149  –  Rembrandt’s Philosopher: Aristotle in the Eye of the Beholder
2025-07-23 18:48:17,354  INFO  ▶  https://openalex.org/W2786734048  –  Comfort in English and Swedish country houses, c.1760–1820
2025-07-23 18:48:19,383  INFO  ▶  https://openalex.org/W2019185126  –  Penelope’s Web: Francesco Primaticcio’s Epic Revision at Fontainebleau<sup>*</su
2025-07-23 18:48:21,676  INFO  ▶  https://openalex.org/W2035487553  –  “The Story of the Man Who Whitened His Face”: Bernini, Galileo, and the Science 
2025-07-23 18:48:22,317  ERROR  ✗  Download failed for https://openalex.org/W2035487553
2025-07-23 18:48:22,317  INFO  ▶  https://openalex.org/W3143697332  –  And Now for Something Completely Different: The Versatility of Conceptual Innova
2025-07-23 18:48:23,828  INFO  ▶  https://openalex.org/W2947110297  –  Political artefacts, aesthetics and heritage: the Valley of the Fallen
2025-07-23 18:48:25,215  INFO  ▶  https://openalex.org/W4392002003  –  Ecological decoding of visual aesthetic preference with oscillatory electroencep
2025-07-23 18:48:26,129  INFO  ▶  https://openalex.org/W4307942322  –  Farewell to Russian Art: On Resistance, Complicity, and Decolonization in a Time
2025-07-23 18:48:30,665  INFO  ▶  https://openalex.org/W3000388322  –  Tricky, Fine, and Trapped: Painting the <i>Femme Forte</i> in Early Seventeenth-
2025-07-23 18:48:35,729  INFO  ▶  https://openalex.org/W4390831335  –  Words For/Against Power Pietro Aretino’s Poetical Devices as Demystification of 
2025-07-23 18:48:36,109  INFO  ▶  https://openalex.org/W2480830274  –  CREATIVE TRANSFORMATIONS IN VISUAL ARTS OF EARLY FRENCH MODERNISM: TREATMENT OF 
2025-07-23 18:48:43,269  INFO  ▶  https://openalex.org/W2796375433  –  Francesco Villamena's "Apotheosis of Alessandro Farnese" and Engraved Reproducti
2025-07-23 18:48:49,003  INFO  ▶  https://openalex.org/W2045078581  –  Documentário Imaginário: reflexões sobre a fotografia documental contemporânea
2025-07-23 18:48:51,504  INFO  ▶  https://openalex.org/W2325315583  –  Regurgitating Nature: On a Celebrated Anecdote by Karel van Mander about Pieter 
2025-07-23 18:48:52,831  INFO  ▶  https://openalex.org/W1988988748  –  Connotations in semiotic systems of visual art (through the example of works by 
2025-07-23 18:48:54,387  INFO  ▶  https://openalex.org/W3177336526  –  The Young van Dyck and Rubens
2025-07-23 18:48:55,671  INFO  ▶  https://openalex.org/W2476210606  –  Field's chromatography a treatise on colours and pigments for the use of artists
2025-07-23 18:49:01,225  INFO  ▶  https://openalex.org/W3169113186  –  The influence of culture on the viewing of Western and East Asian paintings.
2025-07-23 18:49:02,845  INFO  ▶  https://openalex.org/W2071445156  –  THE PHENOMENOLOGIST AS ART CRITIC: MERLEAU-PONTY AND CÉZANNE
2025-07-23 18:49:03,277  ERROR  ✗  Download failed for https://openalex.org/W2071445156
2025-07-23 18:49:03,278  INFO  ▶  https://openalex.org/W2016876060  –  A WORLD HISTORY OF WHAT?
2025-07-23 18:49:03,654  ERROR  ✗  Download failed for https://openalex.org/W2016876060
2025-07-23 18:49:03,655  INFO  ▶  https://openalex.org/W4224442800  –  The art of propaganda: marketing nationhood through visual imagery
2025-07-23 18:49:04,272  ERROR  ✗  Download failed for https://openalex.org/W4224442800
2025-07-23 18:49:04,273  INFO  ▶  https://openalex.org/W2074923144  –  'Her Painting of Apricots': The Invisibility of Mary Beale (1633-1699)
2025-07-23 18:49:04,696  ERROR  ✗  Download failed for https://openalex.org/W2074923144
2025-07-23 18:49:04,697  INFO  ▶  https://openalex.org/W4200514305  –  La figura di Daniele Farsetti collezionista negli epistolari
2025-07-23 18:49:06,355  INFO  ▶  https://openalex.org/W3121862276  –  Toward Abstraction: Ranking European Painters of the Early Twentieth Century
2025-07-23 18:49:07,820  INFO  ▶  https://openalex.org/W2926909025  –  VISUAL SEMIOTICS OF FEMININE FASHION: A CONCISE ANALYSIS
2025-07-23 18:49:11,068  INFO  ▶  https://openalex.org/W271494249  –  Readers of Anatomy at the Barber-Surgeons' Company in the Tudor Period
2025-07-23 18:49:11,520  ERROR  ✗  Download failed for https://openalex.org/W271494249
2025-07-23 18:49:11,520  INFO  ▶  https://openalex.org/W2009820762  –  Literature and Visual Arts in Henry James’ Works
2025-07-23 18:49:12,232  INFO  ▶  https://openalex.org/W2929669167  –  4. John Ruskin and Henry James in the Enchanting Darkness of the Scuola Grande d
2025-07-23 18:49:16,829  INFO  ▶  https://openalex.org/W2497207377  –  There's No Such Thing as British Art
2025-07-23 18:49:18,714  INFO  ▶  https://openalex.org/W4390459160  –  Empowered Amateur Posers
2025-07-23 18:49:23,044  INFO  ▶  https://openalex.org/W3207728256  –  Between Impure and Pure: The Sketch for a History of Blotch
2025-07-23 18:49:23,824  INFO  ▶  https://openalex.org/W3089184090  –  SIMONETTA VESPUCCI IN THE MIRROR OF RENAISSANCE ART: IMAGE OR ART IMAGE?
2025-07-23 18:49:24,896  INFO  ▶  https://openalex.org/W1977456871  –  “Folded up in a Veil”: Sophia Hawthorne’s Familial Ekphrasis and the Antebellum 
2025-07-23 18:49:25,476  INFO  ▶  https://openalex.org/W2762418842  –  How one global collection of Old Master prints was created: nine albums by the S
2025-07-23 18:49:25,845  ERROR  ✗  Download failed for https://openalex.org/W2762418842
2025-07-23 18:49:25,845  INFO  ▶  https://openalex.org/W2948424947  –  From Greek to the Greeks: Homer (and Pseudo-Homer) in the Greco-Venetian Context
2025-07-23 18:49:27,466  INFO  ▶  https://openalex.org/W1968646637  –  From Quantitative to Qualitative Architecture in the Sixteenth and Seventeenth C
2025-07-23 18:49:27,926  INFO  ▶  https://openalex.org/W2807216581  –  Animals, Ethics, and the Art World
2025-07-23 18:49:28,372  ERROR  ✗  Download failed for https://openalex.org/W2807216581
2025-07-23 18:49:28,372  INFO  ▶  https://openalex.org/W2298090602  –  Sir Joshua Reynolds and Classical Art: Notes on his Mythological Paintings, Most
2025-07-23 18:49:28,764  INFO  ▶  https://openalex.org/W2796303103  –  God Save the Ecchoing Green: The Uses of Imaginary Nostalgia in William Blake an
2025-07-23 18:49:29,166  ERROR  ✗  Download failed for https://openalex.org/W2796303103
2025-07-23 18:49:29,166  INFO  ▶  https://openalex.org/W1998483897  –  What makes a picture?: Evidence from sixteenth-century Venetian property invento
2025-07-23 18:49:29,506  ERROR  ✗  Download failed for https://openalex.org/W1998483897
2025-07-23 18:49:29,506  INFO  ▶  https://openalex.org/W3164349363  –  Architecture and Sites
2025-07-23 18:49:29,920  INFO  ▶  https://openalex.org/W1972613181  –  Framing Coloniality: Exotic Photographs in Swiss Albums, Museums, and Public Spa
2025-07-23 18:49:32,004  INFO  ▶  https://openalex.org/W2103286372  –  Salvator Rosa in French literature: from the bizarre to the sublime
2025-07-23 18:49:33,383  INFO  ▶  https://openalex.org/W2889769071  –  German Art Academies and their Impact on Artistic Style
2025-07-23 18:49:33,957  INFO  ▶  https://openalex.org/W4394783657  –  Building a strong programme in sociological aesthetics: Helmut Staubmann’s Socio
2025-07-23 18:49:34,794  INFO  ▶  https://openalex.org/W2788415451  –  Poetry, portraiture and praise: Suckling and Van Dyck, Lovelace and Lely
2025-07-23 18:49:36,591  INFO  ▶  https://openalex.org/W2913720794  –  Urban voices: The hybrid figure of the street singer in Renaissance Italy
2025-07-23 18:49:37,962  INFO  ▶  https://openalex.org/W4247116541  –  Fable, c. 1600
2025-07-23 18:49:38,852  INFO  ▶  https://openalex.org/W3199805462  –  Shaftesbury’s Dictionary of Terms of Art
2025-07-23 18:49:40,270  INFO  ▶  https://openalex.org/W3184333067  –  Susan Howe’s Caesurae
2025-07-23 18:49:41,175  INFO  ▶  https://openalex.org/W2334410431  –  Arthur Hacker’s <i>Syrinx</i> (1892): Paint, classics and the culture of rape
2025-07-23 18:49:41,493  ERROR  ✗  Download failed for https://openalex.org/W2334410431
2025-07-23 18:49:41,493  INFO  ▶  https://openalex.org/W2060370357  –  Disegno <i>and desire in Pontormo's </i>Alessandro de’ Medici
2025-07-23 18:49:43,806  INFO  ▶  https://openalex.org/W3009710709  –  Renaissance Futurities: Science, Art, Invention
2025-07-23 18:49:47,887  INFO  ▶  https://openalex.org/W2033570619  –  Performance, Print, and the Senses: Aretino and the Spaces of the City
2025-07-23 18:49:48,304  WARNING  Retrying (Retry(total=4, connect=None, read=None, redirect=None, status=None)) after connection broken by 'SSLError(SSLCertVerificationError(1, '[SSL: CERTIFICATE_VERIFY_FAILED] certificate verify failed: unable to get local issuer certificate (_ssl.c:1016)'))': /earlytheatre/article/view/905/968
2025-07-23 18:49:49,546  WARNING  Retrying (Retry(total=3, connect=None, read=None, redirect=None, status=None)) after connection broken by 'SSLError(SSLCertVerificationError(1, '[SSL: CERTIFICATE_VERIFY_FAILED] certificate verify failed: unable to get local issuer certificate (_ssl.c:1016)'))': /earlytheatre/article/view/905/968
2025-07-23 18:49:51,788  WARNING  Retrying (Retry(total=2, connect=None, read=None, redirect=None, status=None)) after connection broken by 'SSLError(SSLCertVerificationError(1, '[SSL: CERTIFICATE_VERIFY_FAILED] certificate verify failed: unable to get local issuer certificate (_ssl.c:1016)'))': /earlytheatre/article/view/905/968
2025-07-23 18:49:56,029  WARNING  Retrying (Retry(total=1, connect=None, read=None, redirect=None, status=None)) after connection broken by 'SSLError(SSLCertVerificationError(1, '[SSL: CERTIFICATE_VERIFY_FAILED] certificate verify failed: unable to get local issuer certificate (_ssl.c:1016)'))': /earlytheatre/article/view/905/968
2025-07-23 18:50:04,280  WARNING  Retrying (Retry(total=0, connect=None, read=None, redirect=None, status=None)) after connection broken by 'SSLError(SSLCertVerificationError(1, '[SSL: CERTIFICATE_VERIFY_FAILED] certificate verify failed: unable to get local issuer certificate (_ssl.c:1016)'))': /earlytheatre/article/view/905/968
2025-07-23 18:50:06,877  WARNING  Retrying (Retry(total=4, connect=None, read=None, redirect=None, status=None)) after connection broken by 'SSLError(SSLCertVerificationError(1, '[SSL: CERTIFICATE_VERIFY_FAILED] certificate verify failed: unable to get local issuer certificate (_ssl.c:1016)'))': /earlytheatre/article/view/905
2025-07-23 18:50:08,106  WARNING  Retrying (Retry(total=3, connect=None, read=None, redirect=None, status=None)) after connection broken by 'SSLError(SSLCertVerificationError(1, '[SSL: CERTIFICATE_VERIFY_FAILED] certificate verify failed: unable to get local issuer certificate (_ssl.c:1016)'))': /earlytheatre/article/view/905
2025-07-23 18:50:10,368  WARNING  Retrying (Retry(total=2, connect=None, read=None, redirect=None, status=None)) after connection broken by 'SSLError(SSLCertVerificationError(1, '[SSL: CERTIFICATE_VERIFY_FAILED] certificate verify failed: unable to get local issuer certificate (_ssl.c:1016)'))': /earlytheatre/article/view/905
2025-07-23 18:50:14,617  WARNING  Retrying (Retry(total=1, connect=None, read=None, redirect=None, status=None)) after connection broken by 'SSLError(SSLCertVerificationError(1, '[SSL: CERTIFICATE_VERIFY_FAILED] certificate verify failed: unable to get local issuer certificate (_ssl.c:1016)'))': /earlytheatre/article/view/905
2025-07-23 18:50:22,881  WARNING  Retrying (Retry(total=0, connect=None, read=None, redirect=None, status=None)) after connection broken by 'SSLError(SSLCertVerificationError(1, '[SSL: CERTIFICATE_VERIFY_FAILED] certificate verify failed: unable to get local issuer certificate (_ssl.c:1016)'))': /earlytheatre/article/view/905
2025-07-23 18:50:25,009  ERROR  ✗  Download failed for https://openalex.org/W2033570619
2025-07-23 18:50:25,009  INFO  ▶  https://openalex.org/W2499886276  –  The Wallace collection and the Tate gallery
2025-07-23 18:50:30,891  INFO  ▶  https://openalex.org/W3154485138  –  Against Ruskin: Joseph and Elizabeth Pennell’s recasting of Venice
2025-07-23 18:50:32,891  INFO  ▶  https://openalex.org/W2522238469  –  Civic Identity and Civic Glue: Venetian Processions and Ceremonies of the Sixtee
2025-07-23 18:50:34,224  INFO  ▶  https://openalex.org/W3110840203  –  Mythologising McCahon: A Heretical View
2025-07-23 18:50:38,836  INFO  ▶  https://openalex.org/W2622064666  –  “The Greatest Living Critic”: Christiana Herringham and the Practice of Connoiss
2025-07-23 18:50:39,457  INFO  ▶  https://openalex.org/W4221057793  –  The Republic of Letters Mapping the Republic of Letters: Jacob Brucker’s Pinacot
2025-07-23 18:50:40,063  INFO  ▶  https://openalex.org/W2935458512  –  3. Tintoretto in San Rocco Between Light and Darkness
2025-07-23 18:50:42,947  INFO  ▶  https://openalex.org/W2242552940  –  Pietro Aretino, Lodovico Dolce y el «Juicio Final» de Miguel Ángel
2025-07-23 18:50:43,863  INFO  ▶  https://openalex.org/W2133681412  –  “Tenendo pratica di Poeti, e d’huomini dotti”. Sobre Lodovico Dolce y Tiziano
2025-07-23 18:50:44,505  INFO  ▶  https://openalex.org/W1618140786  –  English Perceptions and Representations of Venetian Chromatic Variations
2025-07-23 18:50:45,959  INFO  ▶  https://openalex.org/W2113792382  –  Tsubouchi, Dryden and Global Shakespeare
2025-07-23 18:50:46,482  INFO  ▶  https://openalex.org/W3015729621  –  Sister arts: the life of colour and the colour of life in the work of Alice Meyn
2025-07-23 18:50:48,692  INFO  ▶  https://openalex.org/W1989058948  –  An Icon for a New Woman: A Previously Unidentified Portrait of Isabella Andreini
2025-07-23 18:50:48,958  WARNING  Retrying (Retry(total=4, connect=None, read=None, redirect=None, status=None)) after connection broken by 'SSLError(SSLCertVerificationError(1, '[SSL: CERTIFICATE_VERIFY_FAILED] certificate verify failed: unable to get local issuer certificate (_ssl.c:1016)'))': /record/187288/files/fulltext.pdf
2025-07-23 18:50:50,078  WARNING  Retrying (Retry(total=3, connect=None, read=None, redirect=None, status=None)) after connection broken by 'SSLError(SSLCertVerificationError(1, '[SSL: CERTIFICATE_VERIFY_FAILED] certificate verify failed: unable to get local issuer certificate (_ssl.c:1016)'))': /record/187288/files/fulltext.pdf
2025-07-23 18:50:52,200  WARNING  Retrying (Retry(total=2, connect=None, read=None, redirect=None, status=None)) after connection broken by 'SSLError(SSLCertVerificationError(1, '[SSL: CERTIFICATE_VERIFY_FAILED] certificate verify failed: unable to get local issuer certificate (_ssl.c:1016)'))': /record/187288/files/fulltext.pdf
2025-07-23 18:50:56,336  WARNING  Retrying (Retry(total=1, connect=None, read=None, redirect=None, status=None)) after connection broken by 'SSLError(SSLCertVerificationError(1, '[SSL: CERTIFICATE_VERIFY_FAILED] certificate verify failed: unable to get local issuer certificate (_ssl.c:1016)'))': /record/187288/files/fulltext.pdf
2025-07-23 18:51:04,482  WARNING  Retrying (Retry(total=0, connect=None, read=None, redirect=None, status=None)) after connection broken by 'SSLError(SSLCertVerificationError(1, '[SSL: CERTIFICATE_VERIFY_FAILED] certificate verify failed: unable to get local issuer certificate (_ssl.c:1016)'))': /record/187288/files/fulltext.pdf
2025-07-23 18:51:04,845  WARNING  Retrying (Retry(total=4, connect=None, read=None, redirect=None, status=None)) after connection broken by 'SSLError(SSLCertVerificationError(1, '[SSL: CERTIFICATE_VERIFY_FAILED] certificate verify failed: unable to get local issuer certificate (_ssl.c:1016)'))': /earlytheatre/article/download/789/852
2025-07-23 18:51:06,088  WARNING  Retrying (Retry(total=3, connect=None, read=None, redirect=None, status=None)) after connection broken by 'SSLError(SSLCertVerificationError(1, '[SSL: CERTIFICATE_VERIFY_FAILED] certificate verify failed: unable to get local issuer certificate (_ssl.c:1016)'))': /earlytheatre/article/download/789/852
2025-07-23 18:51:10,048  WARNING  Retrying (Retry(total=2, connect=None, read=None, redirect=None, status=None)) after connection broken by 'SSLError(SSLCertVerificationError(1, '[SSL: CERTIFICATE_VERIFY_FAILED] certificate verify failed: unable to get local issuer certificate (_ssl.c:1016)'))': /earlytheatre/article/download/789/852
2025-07-23 18:51:14,296  WARNING  Retrying (Retry(total=1, connect=None, read=None, redirect=None, status=None)) after connection broken by 'SSLError(SSLCertVerificationError(1, '[SSL: CERTIFICATE_VERIFY_FAILED] certificate verify failed: unable to get local issuer certificate (_ssl.c:1016)'))': /earlytheatre/article/download/789/852
2025-07-23 18:51:22,533  WARNING  Retrying (Retry(total=0, connect=None, read=None, redirect=None, status=None)) after connection broken by 'SSLError(SSLCertVerificationError(1, '[SSL: CERTIFICATE_VERIFY_FAILED] certificate verify failed: unable to get local issuer certificate (_ssl.c:1016)'))': /earlytheatre/article/download/789/852
2025-07-23 18:51:22,772  ERROR  ✗  Download failed for https://openalex.org/W1989058948
2025-07-23 18:51:22,772  INFO  ▶  https://openalex.org/W4230304913  –  Toward Abstraction Ranking European Painters of the Early Twentieth Century
2025-07-23 18:51:24,010  INFO  ▶  https://openalex.org/W4310726260  –  “Specchio hor di Lucifero, hor di Cristo”: Giovan Battista Andreini’s Mary Magda
2025-07-23 18:51:24,909  INFO  ▶  https://openalex.org/W3110418624  –  Women in Fur: Empire, Power, and Play in a Victorian Photography Album
2025-07-23 18:51:26,302  INFO  ▶  https://openalex.org/W2086077239  –  Vulgar Pictures: Bacon, de Kooning, and the Figure under Abstraction
2025-07-23 18:51:26,615  ERROR  ✗  Download failed for https://openalex.org/W2086077239
2025-07-23 18:51:26,615  INFO  ▶  https://openalex.org/W2796222931  –  John Singer Sargent and the<i>fin de siècle</i>Culture of Mauve
2025-07-23 18:51:27,074  INFO  ▶  https://openalex.org/W2931415584  –  21. 'In the Quiet Hours and the Deep Dusk, These Things too Recovered Their Adva
2025-07-23 18:51:29,766  INFO  ▶  https://openalex.org/W3005739270  –  On Gerard de Lairesse’s “Frenchness,” His Liège Roots, and His Artistic Integrat
2025-07-23 18:51:31,429  INFO  ▶  https://openalex.org/W2116804906  –  Artist and Myth
2025-07-23 18:51:32,311  INFO  ▶  https://openalex.org/W3173785349  –  The Unclothed Body On and Off Stage in the Comedia Nueva
2025-07-23 18:51:32,842  INFO  ▶  https://openalex.org/W4390775063  –  Weighing the anchor: Lotmanian perspectives on the Fighting Poland symbol
2025-07-23 18:51:33,567  INFO  ▶  https://openalex.org/W2030253430  –  Subject Matters in Early Modern Art
2025-07-23 18:51:33,930  ERROR  ✗  Download failed for https://openalex.org/W2030253430
2025-07-23 18:51:33,930  INFO  ▶  https://openalex.org/W655258424  –  The early commedia dell'arte (1550-1621): the mannerist context
2025-07-23 18:52:18,809  INFO  ▶  https://openalex.org/W2233610521  –  Netherlandish artists and the marketing of ‘Flemishness’ in Madrid
2025-07-23 18:52:23,401  INFO  ▶  https://openalex.org/W3175946395  –  Preliminary Remarks on the Sources of the Apostle Series of Rubens and van Dyck
2025-07-23 18:52:26,830  INFO  ▶  https://openalex.org/W1680027057  –  In His Milieu : Essays on Netherlandish Art in Memory of John Michael Montias
2025-07-23 18:52:28,611  INFO  ▶  https://openalex.org/W4238587491  –  Unveiling Raphaelle Peale’s <i>Venus Rising from the Sea—a Deception</i>
2025-07-23 18:52:29,677  INFO  ▶  https://openalex.org/W3211189395  –  Jean-Luc Godard’s Diptychs. Rethinking Cinema through the Essay Film
2025-07-23 18:52:30,391  INFO  ▶  https://openalex.org/W3115986879  –  Interpreting Otherness: Picturing the Turk in Tintoretto's Venice
2025-07-23 18:52:40,131  INFO  ▶  https://openalex.org/W3124089440  –  ﻿Les Jeux d’Enfants, tapisseries italiennes et flamandes pour les Gonzague
2025-07-23 18:52:42,189  INFO  ▶  https://openalex.org/W3205175043  –  Jan van Goyen: Virtuoso, Innovator, and Market Leader
2025-07-23 18:52:44,901  INFO  ▶  https://openalex.org/W3112946631  –  From Catherine II’s Coup to Alexander Pushkin’s "The Captain’s Daughter": A Refl
2025-07-23 18:52:52,089  INFO  ▶  https://openalex.org/W4220982231  –  Titian's Icons: Tradition, Charisma, and Devotion in Renaissance Italy. Christop
2025-07-23 18:52:52,699  INFO  ▶  https://openalex.org/W4367276710  –  How to Be a Perfect Woman: The Evolution of Italian Renaissance Female Portraitu
2025-07-23 18:52:54,511  INFO  ▶  https://openalex.org/W2768862064  –  Solving the Mystery of the Sitter in Bartolomeo Veneto’s &lt;em&gt;Portrait of a
2025-07-23 18:53:00,441  INFO  ▶  https://openalex.org/W2106257948  –  Defining beauty: Rubens’s female nudes
2025-07-23 18:53:00,913  INFO  ▶  https://openalex.org/W2973100499  –  A view to a kill. Renaissance paintings as living objects
2025-07-23 18:53:01,267  INFO  ▶  https://openalex.org/W1745440780  –  Venice and the Veneto
2025-07-23 18:53:02,173  INFO  ▶  https://openalex.org/W4299529814  –  The Offense of &lt;i&gt;Romanitas&lt;/i&gt;: Jacopo Tintoretto’s Ceiling Paintin
2025-07-23 18:53:02,399  INFO  ▶  https://openalex.org/W1515097865  –  Picasso
2025-07-23 18:53:02,980  INFO  ▶  https://openalex.org/W3154735180  –  The Empress and The Black Art: An Early Mezzotint by Eleonora Gonzaga (1630-1686
2025-07-23 18:53:04,942  INFO  ▶  https://openalex.org/W3175195389  –  Irving Lavin and John Plummer, ed., Studies in Late Medieval and Renaissance Pai
2025-07-23 18:53:06,061  INFO  ▶  https://openalex.org/W3080663432  –  &amp;lt;i&amp;gt;L’abbiam Fatta Tutti Noi&amp;lt;/i&amp;gt;: Collaboration and O
2025-07-23 18:53:08,280  INFO  ▶  https://openalex.org/W3009349670  –  Charles I: King and Collector, Exhibition Catalogue; exhibition curated by Per R
2025-07-23 18:53:09,423  INFO  ▶  https://openalex.org/W4242574041  –  Piety and Patronage in Renaissance Venice. Bellini, Titan, and the Francisans
2025-07-23 18:53:10,450  INFO  ▶  https://openalex.org/W4213041063  –  Jewishness, antiquity and civilization
2025-07-23 18:53:11,040  ERROR  ✗  Download failed for https://openalex.org/W4213041063
2025-07-23 18:53:11,040  INFO  ▶  https://openalex.org/W2499145108  –  XVII plates by Nicola Fontana da Urbino at the Correr Museum, Venice
2025-07-23 18:53:14,809  INFO  ▶  https://openalex.org/W3173638126  –  ‘Hidden Persuaders’: Religious Symbolism in van Dyck's Portraiture
2025-07-23 18:53:16,136  INFO  ▶  https://openalex.org/W4389442524  –  Petrified Beholders: The Interactive Materiality of Baldassarre Peruzzi’s Perseu
2025-07-23 18:53:16,608  ERROR  ✗  Download failed for https://openalex.org/W4389442524
2025-07-23 18:53:16,608  INFO  ▶  https://openalex.org/W4285252253  –  Venetian Cinquecento Pictures and France in the 1820s: Painting, Perception, Inf
2025-07-23 18:54:45,057  INFO  ▶  https://openalex.org/W4237851310  –  Rome 1600: The City and the Visual Arts Under Clement viii, written by Clare Rob
2025-07-23 18:54:46,147  INFO  ▶  https://openalex.org/W2101246031  –  An exchange of paintings between the courts of Vienna and Florence in 1792-1793:
2025-07-23 18:54:47,249  INFO  ▶  https://openalex.org/W2737051369  –  The Insistence of Art : Philosophy and Aesthetics after Early Modernity
2025-07-23 18:54:55,228  INFO  ▶  https://openalex.org/W4406429123  –  Baroque (the mid-16th to mid-18th centuries): Collisions of contrasts. Essay 2
2025-07-23 18:54:56,775  INFO  ▶  https://openalex.org/W2293501895  –  Some social considerations in the female portraits of Palma Vecchio.
2025-07-23 18:54:58,416  INFO  ▶  https://openalex.org/W2062092876  –  Gabriele Vendramin’s ‘<i>disegni divini</i>’
2025-07-23 18:54:58,688  ERROR  ✗  Download failed for https://openalex.org/W2062092876
2025-07-23 18:54:58,688  INFO  ▶  https://openalex.org/W3211360814  –  Symbolism at war: Charles Ricketts and the politics of the stage
2025-07-23 18:55:00,907  INFO  ▶  https://openalex.org/W2036159286  –  Reviews: Lucian Freud Portraits
2025-07-23 18:55:04,077  INFO  ▶  https://openalex.org/W2921252808  –  Ideals for Sale: ‘Ideal Portraits’ and the Display of National Identity in the N
2025-07-23 18:55:04,354  ERROR  ✗  Download failed for https://openalex.org/W2921252808
2025-07-23 18:55:04,354  INFO  ▶  https://openalex.org/W2617856253  –  Patrons and Artisits in the Italian Renaissance
2025-07-23 18:55:05,239  INFO  ▶  https://openalex.org/W3082690558  –  <i>Rembrandt's Roughness,</i> by Nicola Suthor
2025-07-23 18:55:06,318  INFO  ▶  https://openalex.org/W3176156229  –  Further Notes concerning the Halifax Art Exhibitions of 1830 and 1831
2025-07-23 18:55:07,453  INFO  ▶  https://openalex.org/W4225697234  –  Rembrandt: Seeking Closure in Classical Narratives
2025-07-23 18:55:08,344  ERROR  ✗  Download failed for https://openalex.org/W4225697234
2025-07-23 18:55:08,345  INFO  ▶  https://openalex.org/W2025296574  –  Art and Science of Painting Attributions: Bernard Berenson
2025-07-23 18:55:08,688  ERROR  ✗  Download failed for https://openalex.org/W2025296574
2025-07-23 18:55:08,688  INFO  ▶  https://openalex.org/W2659922502  –  Renaissance Posthumanism ed. by Joseph Campana and Scott Maisano, and: Shakespea
2025-07-23 18:55:09,076  ERROR  ✗  Download failed for https://openalex.org/W2659922502
2025-07-23 18:55:09,076  INFO  ▶  https://openalex.org/W3200348060  –  reality effect': the figure seen from behind in Carracci's art
2025-07-23 18:55:09,287  WARNING  Retrying (Retry(total=4, connect=None, read=None, redirect=None, status=None)) after connection broken by 'SSLError(SSLCertVerificationError(1, '[SSL: CERTIFICATE_VERIFY_FAILED] certificate verify failed: unable to get local issuer certificate (_ssl.c:1016)'))': /record/133083/files/fulltext.pdf
2025-07-23 18:55:10,412  WARNING  Retrying (Retry(total=3, connect=None, read=None, redirect=None, status=None)) after connection broken by 'SSLError(SSLCertVerificationError(1, '[SSL: CERTIFICATE_VERIFY_FAILED] certificate verify failed: unable to get local issuer certificate (_ssl.c:1016)'))': /record/133083/files/fulltext.pdf
2025-07-23 18:55:12,540  WARNING  Retrying (Retry(total=2, connect=None, read=None, redirect=None, status=None)) after connection broken by 'SSLError(SSLCertVerificationError(1, '[SSL: CERTIFICATE_VERIFY_FAILED] certificate verify failed: unable to get local issuer certificate (_ssl.c:1016)'))': /record/133083/files/fulltext.pdf
2025-07-23 18:55:16,666  WARNING  Retrying (Retry(total=1, connect=None, read=None, redirect=None, status=None)) after connection broken by 'SSLError(SSLCertVerificationError(1, '[SSL: CERTIFICATE_VERIFY_FAILED] certificate verify failed: unable to get local issuer certificate (_ssl.c:1016)'))': /record/133083/files/fulltext.pdf
2025-07-23 18:55:24,800  WARNING  Retrying (Retry(total=0, connect=None, read=None, redirect=None, status=None)) after connection broken by 'SSLError(SSLCertVerificationError(1, '[SSL: CERTIFICATE_VERIFY_FAILED] certificate verify failed: unable to get local issuer certificate (_ssl.c:1016)'))': /record/133083/files/fulltext.pdf
2025-07-23 18:55:25,962  INFO  ▶  https://openalex.org/W4242642944  –  Editorial: A Dialogue About Aesthetics
2025-07-23 18:55:26,473  INFO  Done.  Success: 197   Fail: 43   Total: 240
